c:\programming\graphics\d3d12_adventure\d3d12_adventure\x64\debug\vc143.pdb
c:\programming\graphics\d3d12_adventure\d3d12_adventure\x64\debug\vc143.idb
c:\programming\graphics\d3d12_adventure\d3d12_adventure\x64\debug\mathhelper.obj
c:\programming\graphics\d3d12_adventure\d3d12_adventure\x64\debug\gametimer.obj
c:\programming\graphics\d3d12_adventure\d3d12_adventure\x64\debug\d3dutil.obj
c:\programming\graphics\d3d12_adventure\d3d12_adventure\x64\debug\initdirect3dapp.obj
c:\programming\graphics\d3d12_adventure\d3d12_adventure\x64\debug\d3dapp.obj
c:\programming\graphics\d3d12_adventure\d3d12_adventure\x64\debug\imgui_impl_win32.obj
c:\programming\graphics\d3d12_adventure\d3d12_adventure\x64\debug\imgui_impl_dx12.obj
c:\programming\graphics\d3d12_adventure\d3d12_adventure\x64\debug\imgui.obj
c:\programming\graphics\d3d12_adventure\d3d12_adventure\x64\debug\color.cso
c:\programming\graphics\d3d12_adventure\d3d12_adventure\x64\debug\d3d12_adventure.ilk
c:\programming\graphics\d3d12_adventure\d3d12_adventure\x64\debug\d3d12_adventure.exe
c:\programming\graphics\d3d12_adventure\d3d12_adventure\x64\debug\d3d12_adventure.pdb
c:\programming\graphics\d3d12_adventure\d3d12_adventure\x64\debug\init direct3d.ilk
c:\programming\graphics\d3d12_adventure\d3d12_adventure\x64\debug\vc142.idb
c:\programming\graphics\d3d12_adventure\d3d12_adventure\x64\debug\init direct3d.pdb
c:\programming\graphics\d3d12_adventure\d3d12_adventure\x64\debug\vc142.pdb
c:\programming\graphics\d3d12_adventure\d3d12_adventure\x64\debug\d3d12_adventure.tlog\cl.command.1.tlog
c:\programming\graphics\d3d12_adventure\d3d12_adventure\x64\debug\d3d12_adventure.tlog\cl.read.1.tlog
c:\programming\graphics\d3d12_adventure\d3d12_adventure\x64\debug\d3d12_adventure.tlog\cl.write.1.tlog
c:\programming\graphics\d3d12_adventure\d3d12_adventure\x64\debug\d3d12_adventure.tlog\fxc.command.1.tlog
c:\programming\graphics\d3d12_adventure\d3d12_adventure\x64\debug\d3d12_adventure.tlog\fxc.read.1.tlog
c:\programming\graphics\d3d12_adventure\d3d12_adventure\x64\debug\d3d12_adventure.tlog\fxc.write.1.tlog
c:\programming\graphics\d3d12_adventure\d3d12_adventure\x64\debug\d3d12_adventure.tlog\link-cvtres.read.1.tlog
c:\programming\graphics\d3d12_adventure\d3d12_adventure\x64\debug\d3d12_adventure.tlog\link-cvtres.write.1.tlog
c:\programming\graphics\d3d12_adventure\d3d12_adventure\x64\debug\d3d12_adventure.tlog\link-rc.read.1.tlog
c:\programming\graphics\d3d12_adventure\d3d12_adventure\x64\debug\d3d12_adventure.tlog\link-rc.write.1.tlog
c:\programming\graphics\d3d12_adventure\d3d12_adventure\x64\debug\d3d12_adventure.tlog\link.28320-cvtres.read.1.tlog
c:\programming\graphics\d3d12_adventure\d3d12_adventure\x64\debug\d3d12_adventure.tlog\link.28320-cvtres.write.1.tlog
c:\programming\graphics\d3d12_adventure\d3d12_adventure\x64\debug\d3d12_adventure.tlog\link.28320-rc.read.1.tlog
c:\programming\graphics\d3d12_adventure\d3d12_adventure\x64\debug\d3d12_adventure.tlog\link.28320-rc.write.1.tlog
c:\programming\graphics\d3d12_adventure\d3d12_adventure\x64\debug\d3d12_adventure.tlog\link.28320.read.1.tlog
c:\programming\graphics\d3d12_adventure\d3d12_adventure\x64\debug\d3d12_adventure.tlog\link.28320.read.2.tlog
c:\programming\graphics\d3d12_adventure\d3d12_adventure\x64\debug\d3d12_adventure.tlog\link.28320.write.1.tlog
c:\programming\graphics\d3d12_adventure\d3d12_adventure\x64\debug\d3d12_adventure.tlog\link.command.1.tlog
c:\programming\graphics\d3d12_adventure\d3d12_adventure\x64\debug\d3d12_adventure.tlog\link.read.1.tlog
c:\programming\graphics\d3d12_adventure\d3d12_adventure\x64\debug\d3d12_adventure.tlog\link.read.2.tlog
c:\programming\graphics\d3d12_adventure\d3d12_adventure\x64\debug\d3d12_adventure.tlog\link.write.1.tlog
